Removed Pin From Net: NetName=NetC16_1 Pin=C16-1
Removed Pin From Net: NetName=GND Pin=C16-2
Removed Pin From Net: NetName=NetOP1_1 Pin=OP1-1
Removed Pin From Net: NetName=V1- Pin=OP1-3
Removed Pin From Net: NetName=NetOP3_1 Pin=OP3-1
Removed Pin From Net: NetName=FB50 Pin=OP3-3
Removed Pin From Net: NetName=NetOP3_2 Pin=R10-1
Removed Pin From Net: NetName=NetOP3_2 Pin=R11-2
Removed Pin From Net: NetName=NetOP1_2 Pin=R23-2
Removed Pin From Net: NetName=NetOP1_2 Pin=R25-2
Removed Pin From Net: NetName=NetC15_2 Pin=U1-30
Removed Pin From Net: NetName=GND Pin=U1-31
Removed Pin From Net: NetName=GND Pin=U1-47
Change Component DesignItemId : Designator=C16 Old DesignItemId=CAP_ALU/CHE_100uF_100V_POL_10x16 New DesignItemId=CAP_CER_2.2uF_16V_NPOL
Change Component DesignItemId : Designator=U1 Old DesignItemId=STM32F411_LQFP64 New DesignItemId=STM32F405RGT6
Change Component Footprint: Designator=C16 Old Footprint=CAP_xUF_50V_TH_10x16 HORIZONTAL New Footprint=CAP 0603(1508)
Change Component Footprint: Designator=U1 Old Footprint=STM-LQFP64_L New Footprint=STM-LQFP64_N
Change Component Comment : Designator=C16 Old Comment=100uF/100V New Comment=2.2uF/16V
Change Component Comment : Designator=U1 Old Comment=STM32F411 New Comment=STM32F405RGT6
Change Component Designator: OldDesignator=C17 NewDesignator=C18
Change Component Designator: OldDesignator=C18 NewDesignator=C19
Change Component Designator: OldDesignator=C19 NewDesignator=C20
Change Component Designator: OldDesignator=C20 NewDesignator=C21
Change Component Designator: OldDesignator=C21 NewDesignator=C22
Change Component Designator: OldDesignator=C22 NewDesignator=C23
Change Component Designator: OldDesignator=C23 NewDesignator=C24
Change Component Designator: OldDesignator=C24 NewDesignator=C25
Change Component Designator: OldDesignator=C25 NewDesignator=C26
Change Component Designator: OldDesignator=C26 NewDesignator=C27
Change Component Designator: OldDesignator=C27 NewDesignator=C28
Change Component Designator: OldDesignator=C28 NewDesignator=C29
Change Component Designator: OldDesignator=C29 NewDesignator=C30
Change Component Designator: OldDesignator=C30 NewDesignator=C31
Change Component Designator: OldDesignator=C31 NewDesignator=C32
Change Component Designator: OldDesignator=TP1 NewDesignator=TP3
Change Component Designator: OldDesignator=TP2 NewDesignator=TP4
Change Component Designator: OldDesignator=TP3 NewDesignator=TP1
Change Component Designator: OldDesignator=TP4 NewDesignator=TP2
Change Component Library : Designator=C15 Old Library=Duc.SchLib New Library=CyiBuckBoost.IntLib
Added Component: Designator=C17(CAP_xUF_50V_TH_10x16 HORIZONTAL)
Added Pin To Net: NetName=GND Pin=C16-1
Added Pin To Net: NetName=NetC16_1 Pin=C16-1
Added Pin To Net: NetName=GND Pin=C16-2
Added Pin To Net: NetName=NetOP3_1 Pin=OP3-1
Added Pin To Net: NetName=FB50 Pin=OP3-3
Added Pin To Net: NetName=NetOP1_1 Pin=OP3-1
Added Pin To Net: NetName=V1- Pin=OP3-3
Added Pin To Net: NetName=NetOP1_2 Pin=R10-1
Added Pin To Net: NetName=NetOP1_2 Pin=R11-2
Added Pin To Net: NetName=NetOP3_2 Pin=R23-2
Added Pin To Net: NetName=NetOP3_2 Pin=R25-2
Added Pin To Net: NetName=NetC15_2 Pin=U1-31
Change Net Name : Old Net Name=NetC16_1 New Net Name=NetC17_1
Change Net Name : Old Net Name=NetC21_1 New Net Name=NetC22_1
Change Net Name : Old Net Name=NetC23_1 New Net Name=NetC24_1
Change Net Name : Old Net Name=NetOP1_1 New Net Name=NetOP3_1
Change Net Name : Old Net Name=NetOP3_1 New Net Name=NetOP1_1
Added Pin To Net: NetName=NetC16_2 Pin=C16-2
Added Pin To Net: NetName=NetC16_2 Pin=U1-47
Added Net: Name=NetC16_2
Added Member To Class: ClassName=MCU Member=Component C16 2.2uF/16V
