Replace Part 1 1N4007 in C:\Users\Admin\OneDrive\Desktop\BuckBoost\Buck_boost_edit\MCU.SchDoc with 1N4007 from CyiBuckBoost.IntLib
Replace Part 2 1N4007 in C:\Users\Admin\OneDrive\Desktop\BuckBoost\Buck_boost_edit\MCU.SchDoc with 1N4007 from CyiBuckBoost.IntLib
Replace Part 3 1N4007 in C:\Users\Admin\OneDrive\Desktop\BuckBoost\Buck_boost_edit\MCU.SchDoc with 1N4007 from CyiBuckBoost.IntLib
Replace Part 4 1N4007 in C:\Users\Admin\OneDrive\Desktop\BuckBoost\Buck_boost_edit\MCU.SchDoc with 1N4007 from CyiBuckBoost.IntLib
Replace Part C1 1N4007 in C:\Users\Admin\OneDrive\Desktop\BuckBoost\Buck_boost_edit\MCU.SchDoc with 1N4007 from CyiBuckBoost.IntLib
Replace Part C2 1N4007 in C:\Users\Admin\OneDrive\Desktop\BuckBoost\Buck_boost_edit\MCU.SchDoc with 1N4007 from CyiBuckBoost.IntLib
Replace Part C3 1N4007 in C:\Users\Admin\OneDrive\Desktop\BuckBoost\Buck_boost_edit\MCU.SchDoc with 1N4007 from CyiBuckBoost.IntLib
Replace Part C4 1N4007 in C:\Users\Admin\OneDrive\Desktop\BuckBoost\Buck_boost_edit\MCU.SchDoc with 1N4007 from CyiBuckBoost.IntLib
Replace Part C5 1N4007 in C:\Users\Admin\OneDrive\Desktop\BuckBoost\Buck_boost_edit\MCU.SchDoc with 1N4007 from CyiBuckBoost.IntLib
Replace Part C6 1N4007 in C:\Users\Admin\OneDrive\Desktop\BuckBoost\Buck_boost_edit\MCU.SchDoc with 1N4007 from CyiBuckBoost.IntLib
Replace Part C7 1N4007 in C:\Users\Admin\OneDrive\Desktop\BuckBoost\Buck_boost_edit\MCU.SchDoc with 1N4007 from CyiBuckBoost.IntLib
Replace Part C8 1N4007 in C:\Users\Admin\OneDrive\Desktop\BuckBoost\Buck_boost_edit\MCU.SchDoc with 1N4007 from CyiBuckBoost.IntLib
Replace Part C9 1N4007 in C:\Users\Admin\OneDrive\Desktop\BuckBoost\Buck_boost_edit\MCU.SchDoc with 1N4007 from CyiBuckBoost.IntLib
Replace Part C10 1N4007 in C:\Users\Admin\OneDrive\Desktop\BuckBoost\Buck_boost_edit\MCU.SchDoc with 1N4007 from CyiBuckBoost.IntLib
Replace Part C11 1N4007 in C:\Users\Admin\OneDrive\Desktop\BuckBoost\Buck_boost_edit\MCU.SchDoc with 1N4007 from CyiBuckBoost.IntLib
Replace Part C12 1N4007 in C:\Users\Admin\OneDrive\Desktop\BuckBoost\Buck_boost_edit\MCU.SchDoc with 1N4007 from CyiBuckBoost.IntLib
Replace Part C13 1N4007 in C:\Users\Admin\OneDrive\Desktop\BuckBoost\Buck_boost_edit\MCU.SchDoc with 1N4007 from CyiBuckBoost.IntLib
Replace Part C14 1N4007 in C:\Users\Admin\OneDrive\Desktop\BuckBoost\Buck_boost_edit\MCU.SchDoc with 1N4007 from CyiBuckBoost.IntLib
Replace Part C15 1N4007 in C:\Users\Admin\OneDrive\Desktop\BuckBoost\Buck_boost_edit\MCU.SchDoc with 1N4007 from CyiBuckBoost.IntLib
Replace Part J1 1N4007 in C:\Users\Admin\OneDrive\Desktop\BuckBoost\Buck_boost_edit\MCU.SchDoc with 1N4007 from CyiBuckBoost.IntLib
Replace Part J2 1N4007 in C:\Users\Admin\OneDrive\Desktop\BuckBoost\Buck_boost_edit\MCU.SchDoc with 1N4007 from CyiBuckBoost.IntLib
Replace Part LED1 1N4007 in C:\Users\Admin\OneDrive\Desktop\BuckBoost\Buck_boost_edit\MCU.SchDoc with 1N4007 from CyiBuckBoost.IntLib
Replace Part LED2 1N4007 in C:\Users\Admin\OneDrive\Desktop\BuckBoost\Buck_boost_edit\MCU.SchDoc with 1N4007 from CyiBuckBoost.IntLib
Replace Part LED3 1N4007 in C:\Users\Admin\OneDrive\Desktop\BuckBoost\Buck_boost_edit\MCU.SchDoc with 1N4007 from CyiBuckBoost.IntLib
Replace Part R1 1N4007 in C:\Users\Admin\OneDrive\Desktop\BuckBoost\Buck_boost_edit\MCU.SchDoc with 1N4007 from CyiBuckBoost.IntLib
Replace Part R2 1N4007 in C:\Users\Admin\OneDrive\Desktop\BuckBoost\Buck_boost_edit\MCU.SchDoc with 1N4007 from CyiBuckBoost.IntLib
Replace Part R3 1N4007 in C:\Users\Admin\OneDrive\Desktop\BuckBoost\Buck_boost_edit\MCU.SchDoc with 1N4007 from CyiBuckBoost.IntLib
Replace Part R4 1N4007 in C:\Users\Admin\OneDrive\Desktop\BuckBoost\Buck_boost_edit\MCU.SchDoc with 1N4007 from CyiBuckBoost.IntLib
Replace Part R5 1N4007 in C:\Users\Admin\OneDrive\Desktop\BuckBoost\Buck_boost_edit\MCU.SchDoc with 1N4007 from CyiBuckBoost.IntLib
Replace Part R6 1N4007 in C:\Users\Admin\OneDrive\Desktop\BuckBoost\Buck_boost_edit\MCU.SchDoc with 1N4007 from CyiBuckBoost.IntLib
Replace Part R7 1N4007 in C:\Users\Admin\OneDrive\Desktop\BuckBoost\Buck_boost_edit\MCU.SchDoc with 1N4007 from CyiBuckBoost.IntLib
Replace Part R8 1N4007 in C:\Users\Admin\OneDrive\Desktop\BuckBoost\Buck_boost_edit\MCU.SchDoc with 1N4007 from CyiBuckBoost.IntLib
Replace Part R9 1N4007 in C:\Users\Admin\OneDrive\Desktop\BuckBoost\Buck_boost_edit\MCU.SchDoc with 1N4007 from CyiBuckBoost.IntLib
Replace Part U1 1N4007 in C:\Users\Admin\OneDrive\Desktop\BuckBoost\Buck_boost_edit\MCU.SchDoc with 1N4007 from CyiBuckBoost.IntLib
Replace Part X1 1N4007 in C:\Users\Admin\OneDrive\Desktop\BuckBoost\Buck_boost_edit\MCU.SchDoc with 1N4007 from CyiBuckBoost.IntLib
