Replace Part C16 1N4007 in C:\Users\Admin\OneDrive\Desktop\BuckBoost\Buck_boost_edit\MOSFET.SchDoc with 1N4007 from CyiBuckBoost.IntLib
Replace Part C17 1N4007 in C:\Users\Admin\OneDrive\Desktop\BuckBoost\Buck_boost_edit\MOSFET.SchDoc with 1N4007 from CyiBuckBoost.IntLib
Replace Part C18 1N4007 in C:\Users\Admin\OneDrive\Desktop\BuckBoost\Buck_boost_edit\MOSFET.SchDoc with 1N4007 from CyiBuckBoost.IntLib
Replace Part C19 1N4007 in C:\Users\Admin\OneDrive\Desktop\BuckBoost\Buck_boost_edit\MOSFET.SchDoc with 1N4007 from CyiBuckBoost.IntLib
Replace Part C20 1N4007 in C:\Users\Admin\OneDrive\Desktop\BuckBoost\Buck_boost_edit\MOSFET.SchDoc with 1N4007 from CyiBuckBoost.IntLib
Replace Part C21 1N4007 in C:\Users\Admin\OneDrive\Desktop\BuckBoost\Buck_boost_edit\MOSFET.SchDoc with 1N4007 from CyiBuckBoost.IntLib
Replace Part C22 1N4007 in C:\Users\Admin\OneDrive\Desktop\BuckBoost\Buck_boost_edit\MOSFET.SchDoc with 1N4007 from CyiBuckBoost.IntLib
Replace Part D1 1N4007 in C:\Users\Admin\OneDrive\Desktop\BuckBoost\Buck_boost_edit\MOSFET.SchDoc with 1N4007 from CyiBuckBoost.IntLib
Replace Part D2 1N4007 in C:\Users\Admin\OneDrive\Desktop\BuckBoost\Buck_boost_edit\MOSFET.SchDoc with 1N4007 from CyiBuckBoost.IntLib
Replace Part D3 1N4007 in C:\Users\Admin\OneDrive\Desktop\BuckBoost\Buck_boost_edit\MOSFET.SchDoc with 1N4007 from CyiBuckBoost.IntLib
Replace Part D4 1N4007 in C:\Users\Admin\OneDrive\Desktop\BuckBoost\Buck_boost_edit\MOSFET.SchDoc with 1N4007 from CyiBuckBoost.IntLib
Replace Part D5 1N4007 in C:\Users\Admin\OneDrive\Desktop\BuckBoost\Buck_boost_edit\MOSFET.SchDoc with 1N4007 from CyiBuckBoost.IntLib
Replace Part D6 1N4007 in C:\Users\Admin\OneDrive\Desktop\BuckBoost\Buck_boost_edit\MOSFET.SchDoc with 1N4007 from CyiBuckBoost.IntLib
Replace Part D7 1N4007 in C:\Users\Admin\OneDrive\Desktop\BuckBoost\Buck_boost_edit\MOSFET.SchDoc with 1N4007 from CyiBuckBoost.IntLib
Replace Part D8 1N4007 in C:\Users\Admin\OneDrive\Desktop\BuckBoost\Buck_boost_edit\MOSFET.SchDoc with 1N4007 from CyiBuckBoost.IntLib
Replace Part D9 1N4007 in C:\Users\Admin\OneDrive\Desktop\BuckBoost\Buck_boost_edit\MOSFET.SchDoc with 1N4007 from CyiBuckBoost.IntLib
Replace Part D10 1N4007 in C:\Users\Admin\OneDrive\Desktop\BuckBoost\Buck_boost_edit\MOSFET.SchDoc with 1N4007 from CyiBuckBoost.IntLib
Replace Part D11 1N4007 in C:\Users\Admin\OneDrive\Desktop\BuckBoost\Buck_boost_edit\MOSFET.SchDoc with 1N4007 from CyiBuckBoost.IntLib
Replace Part D12 1N4007 in C:\Users\Admin\OneDrive\Desktop\BuckBoost\Buck_boost_edit\MOSFET.SchDoc with 1N4007 from CyiBuckBoost.IntLib
Replace Part IC1 1N4007 in C:\Users\Admin\OneDrive\Desktop\BuckBoost\Buck_boost_edit\MOSFET.SchDoc with 1N4007 from CyiBuckBoost.IntLib
Replace Part J3 1N4007 in C:\Users\Admin\OneDrive\Desktop\BuckBoost\Buck_boost_edit\MOSFET.SchDoc with 1N4007 from CyiBuckBoost.IntLib
Replace Part J4 1N4007 in C:\Users\Admin\OneDrive\Desktop\BuckBoost\Buck_boost_edit\MOSFET.SchDoc with 1N4007 from CyiBuckBoost.IntLib
Replace Part L1 1N4007 in C:\Users\Admin\OneDrive\Desktop\BuckBoost\Buck_boost_edit\MOSFET.SchDoc with 1N4007 from CyiBuckBoost.IntLib
Replace Part OP1 1N4007 in C:\Users\Admin\OneDrive\Desktop\BuckBoost\Buck_boost_edit\MOSFET.SchDoc with 1N4007 from CyiBuckBoost.IntLib
Replace Part OP1 1N4007 in C:\Users\Admin\OneDrive\Desktop\BuckBoost\Buck_boost_edit\MOSFET.SchDoc with 1N4007 from CyiBuckBoost.IntLib
Replace Part OP2 1N4007 in C:\Users\Admin\OneDrive\Desktop\BuckBoost\Buck_boost_edit\MOSFET.SchDoc with 1N4007 from CyiBuckBoost.IntLib
Replace Part OP2 1N4007 in C:\Users\Admin\OneDrive\Desktop\BuckBoost\Buck_boost_edit\MOSFET.SchDoc with 1N4007 from CyiBuckBoost.IntLib
Replace Part OP3 1N4007 in C:\Users\Admin\OneDrive\Desktop\BuckBoost\Buck_boost_edit\MOSFET.SchDoc with 1N4007 from CyiBuckBoost.IntLib
Replace Part Q1 1N4007 in C:\Users\Admin\OneDrive\Desktop\BuckBoost\Buck_boost_edit\MOSFET.SchDoc with 1N4007 from CyiBuckBoost.IntLib
Replace Part Q2 1N4007 in C:\Users\Admin\OneDrive\Desktop\BuckBoost\Buck_boost_edit\MOSFET.SchDoc with 1N4007 from CyiBuckBoost.IntLib
Replace Part R10 1N4007 in C:\Users\Admin\OneDrive\Desktop\BuckBoost\Buck_boost_edit\MOSFET.SchDoc with 1N4007 from CyiBuckBoost.IntLib
Replace Part R11 1N4007 in C:\Users\Admin\OneDrive\Desktop\BuckBoost\Buck_boost_edit\MOSFET.SchDoc with 1N4007 from CyiBuckBoost.IntLib
Replace Part R12 1N4007 in C:\Users\Admin\OneDrive\Desktop\BuckBoost\Buck_boost_edit\MOSFET.SchDoc with 1N4007 from CyiBuckBoost.IntLib
Replace Part R13 1N4007 in C:\Users\Admin\OneDrive\Desktop\BuckBoost\Buck_boost_edit\MOSFET.SchDoc with 1N4007 from CyiBuckBoost.IntLib
Replace Part R14 1N4007 in C:\Users\Admin\OneDrive\Desktop\BuckBoost\Buck_boost_edit\MOSFET.SchDoc with 1N4007 from CyiBuckBoost.IntLib
Replace Part R15 1N4007 in C:\Users\Admin\OneDrive\Desktop\BuckBoost\Buck_boost_edit\MOSFET.SchDoc with 1N4007 from CyiBuckBoost.IntLib
Replace Part R16 1N4007 in C:\Users\Admin\OneDrive\Desktop\BuckBoost\Buck_boost_edit\MOSFET.SchDoc with 1N4007 from CyiBuckBoost.IntLib
Replace Part R17 1N4007 in C:\Users\Admin\OneDrive\Desktop\BuckBoost\Buck_boost_edit\MOSFET.SchDoc with 1N4007 from CyiBuckBoost.IntLib
Replace Part R18 1N4007 in C:\Users\Admin\OneDrive\Desktop\BuckBoost\Buck_boost_edit\MOSFET.SchDoc with 1N4007 from CyiBuckBoost.IntLib
Replace Part R19 1N4007 in C:\Users\Admin\OneDrive\Desktop\BuckBoost\Buck_boost_edit\MOSFET.SchDoc with 1N4007 from CyiBuckBoost.IntLib
Replace Part R20 1N4007 in C:\Users\Admin\OneDrive\Desktop\BuckBoost\Buck_boost_edit\MOSFET.SchDoc with 1N4007 from CyiBuckBoost.IntLib
Replace Part R21 1N4007 in C:\Users\Admin\OneDrive\Desktop\BuckBoost\Buck_boost_edit\MOSFET.SchDoc with 1N4007 from CyiBuckBoost.IntLib
Replace Part R22 1N4007 in C:\Users\Admin\OneDrive\Desktop\BuckBoost\Buck_boost_edit\MOSFET.SchDoc with 1N4007 from CyiBuckBoost.IntLib
Replace Part R23 1N4007 in C:\Users\Admin\OneDrive\Desktop\BuckBoost\Buck_boost_edit\MOSFET.SchDoc with 1N4007 from CyiBuckBoost.IntLib
Replace Part R24 1N4007 in C:\Users\Admin\OneDrive\Desktop\BuckBoost\Buck_boost_edit\MOSFET.SchDoc with 1N4007 from CyiBuckBoost.IntLib
Replace Part R25 1N4007 in C:\Users\Admin\OneDrive\Desktop\BuckBoost\Buck_boost_edit\MOSFET.SchDoc with 1N4007 from CyiBuckBoost.IntLib
Replace Part R26 1N4007 in C:\Users\Admin\OneDrive\Desktop\BuckBoost\Buck_boost_edit\MOSFET.SchDoc with 1N4007 from CyiBuckBoost.IntLib
Replace Part TP1 1N4007 in C:\Users\Admin\OneDrive\Desktop\BuckBoost\Buck_boost_edit\MOSFET.SchDoc with 1N4007 from CyiBuckBoost.IntLib
Replace Part TP2 1N4007 in C:\Users\Admin\OneDrive\Desktop\BuckBoost\Buck_boost_edit\MOSFET.SchDoc with 1N4007 from CyiBuckBoost.IntLib
Replace Part TP3 1N4007 in C:\Users\Admin\OneDrive\Desktop\BuckBoost\Buck_boost_edit\MOSFET.SchDoc with 1N4007 from CyiBuckBoost.IntLib
Replace Part TP4 1N4007 in C:\Users\Admin\OneDrive\Desktop\BuckBoost\Buck_boost_edit\MOSFET.SchDoc with 1N4007 from CyiBuckBoost.IntLib
Replace Part TP5 1N4007 in C:\Users\Admin\OneDrive\Desktop\BuckBoost\Buck_boost_edit\MOSFET.SchDoc with 1N4007 from CyiBuckBoost.IntLib
