Replace Part BT1 1N4007 in C:\Users\Admin\OneDrive\Desktop\BuckBoost\Buck_boost_edit\POWER.SchDoc with 1N4007 from CyiBuckBoost.IntLib
Replace Part BT2 1N4007 in C:\Users\Admin\OneDrive\Desktop\BuckBoost\Buck_boost_edit\POWER.SchDoc with 1N4007 from CyiBuckBoost.IntLib
Replace Part BT3 1N4007 in C:\Users\Admin\OneDrive\Desktop\BuckBoost\Buck_boost_edit\POWER.SchDoc with 1N4007 from CyiBuckBoost.IntLib
Replace Part BT4 1N4007 in C:\Users\Admin\OneDrive\Desktop\BuckBoost\Buck_boost_edit\POWER.SchDoc with 1N4007 from CyiBuckBoost.IntLib
Replace Part C23 1N4007 in C:\Users\Admin\OneDrive\Desktop\BuckBoost\Buck_boost_edit\POWER.SchDoc with 1N4007 from CyiBuckBoost.IntLib
Replace Part C24 1N4007 in C:\Users\Admin\OneDrive\Desktop\BuckBoost\Buck_boost_edit\POWER.SchDoc with 1N4007 from CyiBuckBoost.IntLib
Replace Part C25 1N4007 in C:\Users\Admin\OneDrive\Desktop\BuckBoost\Buck_boost_edit\POWER.SchDoc with 1N4007 from CyiBuckBoost.IntLib
Replace Part C26 1N4007 in C:\Users\Admin\OneDrive\Desktop\BuckBoost\Buck_boost_edit\POWER.SchDoc with 1N4007 from CyiBuckBoost.IntLib
Replace Part C27 1N4007 in C:\Users\Admin\OneDrive\Desktop\BuckBoost\Buck_boost_edit\POWER.SchDoc with 1N4007 from CyiBuckBoost.IntLib
Replace Part C28 1N4007 in C:\Users\Admin\OneDrive\Desktop\BuckBoost\Buck_boost_edit\POWER.SchDoc with 1N4007 from CyiBuckBoost.IntLib
Replace Part C29 1N4007 in C:\Users\Admin\OneDrive\Desktop\BuckBoost\Buck_boost_edit\POWER.SchDoc with 1N4007 from CyiBuckBoost.IntLib
Replace Part C30 1N4007 in C:\Users\Admin\OneDrive\Desktop\BuckBoost\Buck_boost_edit\POWER.SchDoc with 1N4007 from CyiBuckBoost.IntLib
Replace Part C31 1N4007 in C:\Users\Admin\OneDrive\Desktop\BuckBoost\Buck_boost_edit\POWER.SchDoc with 1N4007 from CyiBuckBoost.IntLib
Replace Part D13 1N4007 in C:\Users\Admin\OneDrive\Desktop\BuckBoost\Buck_boost_edit\POWER.SchDoc with 1N4007 from CyiBuckBoost.IntLib
Replace Part IC2 1N4007 in C:\Users\Admin\OneDrive\Desktop\BuckBoost\Buck_boost_edit\POWER.SchDoc with 1N4007 from CyiBuckBoost.IntLib
Replace Part IC3 1N4007 in C:\Users\Admin\OneDrive\Desktop\BuckBoost\Buck_boost_edit\POWER.SchDoc with 1N4007 from CyiBuckBoost.IntLib
Replace Part L2 1N4007 in C:\Users\Admin\OneDrive\Desktop\BuckBoost\Buck_boost_edit\POWER.SchDoc with 1N4007 from CyiBuckBoost.IntLib
Replace Part LCD1 1N4007 in C:\Users\Admin\OneDrive\Desktop\BuckBoost\Buck_boost_edit\POWER.SchDoc with 1N4007 from CyiBuckBoost.IntLib
Replace Part LED4 1N4007 in C:\Users\Admin\OneDrive\Desktop\BuckBoost\Buck_boost_edit\POWER.SchDoc with 1N4007 from CyiBuckBoost.IntLib
Replace Part Q3 1N4007 in C:\Users\Admin\OneDrive\Desktop\BuckBoost\Buck_boost_edit\POWER.SchDoc with 1N4007 from CyiBuckBoost.IntLib
Replace Part R27 1N4007 in C:\Users\Admin\OneDrive\Desktop\BuckBoost\Buck_boost_edit\POWER.SchDoc with 1N4007 from CyiBuckBoost.IntLib
Replace Part R28 1N4007 in C:\Users\Admin\OneDrive\Desktop\BuckBoost\Buck_boost_edit\POWER.SchDoc with 1N4007 from CyiBuckBoost.IntLib
Replace Part R29 1N4007 in C:\Users\Admin\OneDrive\Desktop\BuckBoost\Buck_boost_edit\POWER.SchDoc with 1N4007 from CyiBuckBoost.IntLib
Replace Part R30 1N4007 in C:\Users\Admin\OneDrive\Desktop\BuckBoost\Buck_boost_edit\POWER.SchDoc with 1N4007 from CyiBuckBoost.IntLib
Replace Part R31 1N4007 in C:\Users\Admin\OneDrive\Desktop\BuckBoost\Buck_boost_edit\POWER.SchDoc with 1N4007 from CyiBuckBoost.IntLib
Replace Part R32 1N4007 in C:\Users\Admin\OneDrive\Desktop\BuckBoost\Buck_boost_edit\POWER.SchDoc with 1N4007 from CyiBuckBoost.IntLib
Replace Part SP1 1N4007 in C:\Users\Admin\OneDrive\Desktop\BuckBoost\Buck_boost_edit\POWER.SchDoc with 1N4007 from CyiBuckBoost.IntLib
Replace Part U2 1N4007 in C:\Users\Admin\OneDrive\Desktop\BuckBoost\Buck_boost_edit\POWER.SchDoc with 1N4007 from CyiBuckBoost.IntLib
Replace Part VR1 1N4007 in C:\Users\Admin\OneDrive\Desktop\BuckBoost\Buck_boost_edit\POWER.SchDoc with 1N4007 from CyiBuckBoost.IntLib
